{"level":"info","message":"Hello from Acquisition!","service":"acquisitions-api"}
{"level":"info","message":"::1 - - [18/Dec/2025:05:38:29 +0000] \"GET / HTTP/1.1\" 200 23 \"-\" \"Mozilla/5.0 (Macintosh; Intel Mac OS X 10_15_7) AppleWebKit/537.36 (KHTML, like Gecko) Chrome/141.0.0.0 Safari/537.36\"","service":"acquisitions-api"}
{"level":"info","message":"Hello from Acquisition!","service":"acquisitions-api"}
{"level":"info","message":"::1 - - [18/Dec/2025:16:06:15 +0000] \"GET / HTTP/1.1\" 200 23 \"-\" \"HTTPie\"","service":"acquisitions-api"}
{"level":"info","message":"::1 - - [18/Dec/2025:16:06:50 +0000] \"GET /api HTTP/1.1\" 404 142 \"-\" \"HTTPie\"","service":"acquisitions-api"}
{"level":"info","message":"::1 - - [18/Dec/2025:16:09:01 +0000] \"GET /api HTTP/1.1\" 200 41 \"-\" \"HTTPie\"","service":"acquisitions-api"}
{"level":"info","message":"::1 - - [18/Dec/2025:16:10:34 +0000] \"GET /health HTTP/1.1\" 200 68 \"-\" \"HTTPie\"","service":"acquisitions-api"}
{"level":"info","message":"::1 - - [18/Dec/2025:16:11:03 +0000] \"GET /api/auth/sign-in HTTP/1.1\" 404 155 \"-\" \"HTTPie\"","service":"acquisitions-api"}
{"level":"info","message":"::1 - - [18/Dec/2025:16:14:22 +0000] \"POST /api/auth/sign-in HTTP/1.1\" 200 31 \"-\" \"HTTPie\"","service":"acquisitions-api"}
{"level":"info","message":"::1 - - [19/Dec/2025:03:48:09 +0000] \"POST /api/auth/sign-up HTTP/1.1\" 200 31 \"-\" \"HTTPie\"","service":"acquisitions-api"}
{"level":"info","message":"::1 - - [19/Dec/2025:03:56:15 +0000] \"POST /api/auth/sign-up HTTP/1.1\" 400 92 \"-\" \"HTTPie\"","service":"acquisitions-api"}
{"level":"info","message":"::1 - - [19/Dec/2025:04:00:42 +0000] \"POST /api/auth/sign-up HTTP/1.1\" 400 144 \"-\" \"HTTPie\"","service":"acquisitions-api"}
{"level":"info","message":"User registered successfully: naret.lam@gmail.com","service":"acquisitions-api"}
{"level":"info","message":"::1 - - [19/Dec/2025:04:02:14 +0000] \"POST /api/auth/sign-up HTTP/1.1\" 201 117 \"-\" \"HTTPie\"","service":"acquisitions-api"}
{"level":"info","message":"User naret.lam@gmail.com created successfully.","service":"acquisitions-api"}
{"level":"info","message":"User registered successfully: naret.lam@gmail.com","service":"acquisitions-api"}
{"level":"info","message":"::1 - - [19/Dec/2025:04:53:26 +0000] \"POST /api/auth/sign-up HTTP/1.1\" 201 117 \"-\" \"HTTPie\"","service":"acquisitions-api"}
{"level":"info","message":"::1 - - [19/Dec/2025:04:55:05 +0000] \"POST /api/auth/sign-up HTTP/1.1\" 400 92 \"-\" \"HTTPie\"","service":"acquisitions-api"}
{"level":"error","message":"Error creating the user: Error: Failed query: insert into \"users\" (\"id\", \"name\", \"email\", \"password\", \"role\", \"created_at\", \"updated_at\") values (default, $1, $2, $3, $4, default, default) returning \"id\", \"name\", \"email\", \"role\", \"created_at\"\nparams: Naret,naret.lam@gmail.com,$2b$10$qbm80P4DtQblnuOIu8zFGeIPq1FoscNSGREyc/pMAgFBobO7aHXGa,admin","service":"acquisitions-api"}
{"cause":{"code":"23505","constraint":"users_email_unique","detail":"Key (email)=(naret.lam@gmail.com) already exists.","file":"nbtinsert.c","line":"667","name":"NeonDbError","routine":"_bt_check_unique","schema":"public","severity":"ERROR","table":"users"},"level":"error","message":"Signup error Failed query: insert into \"users\" (\"id\", \"name\", \"email\", \"password\", \"role\", \"created_at\", \"updated_at\") values (default, $1, $2, $3, $4, default, default) returning \"id\", \"name\", \"email\", \"role\", \"created_at\"\nparams: Naret,naret.lam@gmail.com,$2b$10$qbm80P4DtQblnuOIu8zFGeIPq1FoscNSGREyc/pMAgFBobO7aHXGa,admin","params":["Naret","naret.lam@gmail.com","$2b$10$qbm80P4DtQblnuOIu8zFGeIPq1FoscNSGREyc/pMAgFBobO7aHXGa","admin"],"query":"insert into \"users\" (\"id\", \"name\", \"email\", \"password\", \"role\", \"created_at\", \"updated_at\") values (default, $1, $2, $3, $4, default, default) returning \"id\", \"name\", \"email\", \"role\", \"created_at\"","service":"acquisitions-api","stack":"Error: Failed query: insert into \"users\" (\"id\", \"name\", \"email\", \"password\", \"role\", \"created_at\", \"updated_at\") values (default, $1, $2, $3, $4, default, default) returning \"id\", \"name\", \"email\", \"role\", \"created_at\"\nparams: Naret,naret.lam@gmail.com,$2b$10$qbm80P4DtQblnuOIu8zFGeIPq1FoscNSGREyc/pMAgFBobO7aHXGa,admin\n    at NeonHttpPreparedQuery.queryWithCache (file:///Users/naretlam/WebstormProjects/acquisitions/node_modules/drizzle-orm/pg-core/session.js:41:15)\n    at process.processTicksAndRejections (node:internal/process/task_queues:105:5)\n    at async NeonHttpPreparedQuery.execute (file:///Users/naretlam/WebstormProjects/acquisitions/node_modules/drizzle-orm/neon-http/session.js:45:20)\n    at async creatUser (file:///Users/naretlam/WebstormProjects/acquisitions/src/services/auth.service.js:24:22)\n    at async signup (file:///Users/naretlam/WebstormProjects/acquisitions/src/controllers/auth.controller.js:22:18)"}
{"level":"info","message":"::1 - - [19/Dec/2025:04:55:26 +0000] \"POST /api/auth/sign-up HTTP/1.1\" 500 1254 \"-\" \"HTTPie\"","service":"acquisitions-api"}
{"level":"error","message":"Error creating the user: Error: Failed query: insert into \"users\" (\"id\", \"name\", \"email\", \"password\", \"role\", \"created_at\", \"updated_at\") values (default, $1, $2, $3, $4, default, default) returning \"id\", \"name\", \"email\", \"role\", \"created_at\"\nparams: Naret,naret.lam@gmail.com,$2b$10$HtCg8TtZh8pW6UtIlei/j.MrfBX9r..vusV2pflO3Bfhfk8NgAPmC,admin","service":"acquisitions-api"}
{"cause":{"code":"23505","constraint":"users_email_unique","detail":"Key (email)=(naret.lam@gmail.com) already exists.","file":"nbtinsert.c","line":"667","name":"NeonDbError","routine":"_bt_check_unique","schema":"public","severity":"ERROR","table":"users"},"level":"error","message":"Signup error Failed query: insert into \"users\" (\"id\", \"name\", \"email\", \"password\", \"role\", \"created_at\", \"updated_at\") values (default, $1, $2, $3, $4, default, default) returning \"id\", \"name\", \"email\", \"role\", \"created_at\"\nparams: Naret,naret.lam@gmail.com,$2b$10$HtCg8TtZh8pW6UtIlei/j.MrfBX9r..vusV2pflO3Bfhfk8NgAPmC,admin","params":["Naret","naret.lam@gmail.com","$2b$10$HtCg8TtZh8pW6UtIlei/j.MrfBX9r..vusV2pflO3Bfhfk8NgAPmC","admin"],"query":"insert into \"users\" (\"id\", \"name\", \"email\", \"password\", \"role\", \"created_at\", \"updated_at\") values (default, $1, $2, $3, $4, default, default) returning \"id\", \"name\", \"email\", \"role\", \"created_at\"","service":"acquisitions-api","stack":"Error: Failed query: insert into \"users\" (\"id\", \"name\", \"email\", \"password\", \"role\", \"created_at\", \"updated_at\") values (default, $1, $2, $3, $4, default, default) returning \"id\", \"name\", \"email\", \"role\", \"created_at\"\nparams: Naret,naret.lam@gmail.com,$2b$10$HtCg8TtZh8pW6UtIlei/j.MrfBX9r..vusV2pflO3Bfhfk8NgAPmC,admin\n    at NeonHttpPreparedQuery.queryWithCache (file:///Users/naretlam/WebstormProjects/acquisitions/node_modules/drizzle-orm/pg-core/session.js:41:15)\n    at process.processTicksAndRejections (node:internal/process/task_queues:105:5)\n    at async NeonHttpPreparedQuery.execute (file:///Users/naretlam/WebstormProjects/acquisitions/node_modules/drizzle-orm/neon-http/session.js:45:20)\n    at async creatUser (file:///Users/naretlam/WebstormProjects/acquisitions/src/services/auth.service.js:24:22)\n    at async signup (file:///Users/naretlam/WebstormProjects/acquisitions/src/controllers/auth.controller.js:22:18)"}
{"level":"info","message":"::1 - - [19/Dec/2025:04:57:18 +0000] \"POST /api/auth/sign-up HTTP/1.1\" 500 1254 \"-\" \"HTTPie\"","service":"acquisitions-api"}
{"level":"info","message":"User naret.lam@gmail.com created successfully.","service":"acquisitions-api"}
{"level":"info","message":"User registered successfully: naret.lam@gmail.com","service":"acquisitions-api"}
{"level":"info","message":"::1 - - [19/Dec/2025:05:27:31 +0000] \"POST /api/auth/sign-up HTTP/1.1\" 201 118 \"-\" \"HTTPie\"","service":"acquisitions-api"}
{"level":"error","message":"Error creating the user: Error: Failed query: insert into \"users\" (\"id\", \"name\", \"email\", \"password\", \"role\", \"created_at\", \"updated_at\") values (default, $1, $2, $3, $4, default, default) returning \"id\", \"name\", \"email\", \"role\", \"created_at\"\nparams: Naret,naret.lam@gmail.com,$2b$10$tXtasXrDd35FrU/3g8Po8OMpDUPS/D1gr1YgQjbOTJCn1t7R/Bv3i,user","service":"acquisitions-api"}
{"cause":{"code":"23505","constraint":"users_email_unique","detail":"Key (email)=(naret.lam@gmail.com) already exists.","file":"nbtinsert.c","line":"667","name":"NeonDbError","routine":"_bt_check_unique","schema":"public","severity":"ERROR","table":"users"},"level":"error","message":"Signup error Failed query: insert into \"users\" (\"id\", \"name\", \"email\", \"password\", \"role\", \"created_at\", \"updated_at\") values (default, $1, $2, $3, $4, default, default) returning \"id\", \"name\", \"email\", \"role\", \"created_at\"\nparams: Naret,naret.lam@gmail.com,$2b$10$tXtasXrDd35FrU/3g8Po8OMpDUPS/D1gr1YgQjbOTJCn1t7R/Bv3i,user","params":["Naret","naret.lam@gmail.com","$2b$10$tXtasXrDd35FrU/3g8Po8OMpDUPS/D1gr1YgQjbOTJCn1t7R/Bv3i","user"],"query":"insert into \"users\" (\"id\", \"name\", \"email\", \"password\", \"role\", \"created_at\", \"updated_at\") values (default, $1, $2, $3, $4, default, default) returning \"id\", \"name\", \"email\", \"role\", \"created_at\"","service":"acquisitions-api","stack":"Error: Failed query: insert into \"users\" (\"id\", \"name\", \"email\", \"password\", \"role\", \"created_at\", \"updated_at\") values (default, $1, $2, $3, $4, default, default) returning \"id\", \"name\", \"email\", \"role\", \"created_at\"\nparams: Naret,naret.lam@gmail.com,$2b$10$tXtasXrDd35FrU/3g8Po8OMpDUPS/D1gr1YgQjbOTJCn1t7R/Bv3i,user\n    at NeonHttpPreparedQuery.queryWithCache (file:///Users/naretlam/WebstormProjects/acquisitions/node_modules/drizzle-orm/pg-core/session.js:41:15)\n    at process.processTicksAndRejections (node:internal/process/task_queues:105:5)\n    at async NeonHttpPreparedQuery.execute (file:///Users/naretlam/WebstormProjects/acquisitions/node_modules/drizzle-orm/neon-http/session.js:45:20)\n    at async creatUser (file:///Users/naretlam/WebstormProjects/acquisitions/src/services/auth.service.js:24:22)\n    at async signup (file:///Users/naretlam/WebstormProjects/acquisitions/src/controllers/auth.controller.js:22:18)"}
{"level":"info","message":"::1 - - [19/Dec/2025:05:31:10 +0000] \"POST /api/auth/sign-up HTTP/1.1\" 500 1253 \"-\" \"HTTPie\"","service":"acquisitions-api"}
{"level":"info","message":"User naret.lam@gmail.com created successfully.","service":"acquisitions-api"}
{"level":"info","message":"User registered successfully: naret.lam@gmail.com","service":"acquisitions-api"}
{"level":"info","message":"::1 - - [19/Dec/2025:05:32:05 +0000] \"POST /api/auth/sign-up HTTP/1.1\" 201 118 \"-\" \"HTTPie\"","service":"acquisitions-api"}
{"level":"info","message":"User admin@gmail.com created successfully.","service":"acquisitions-api"}
{"level":"info","message":"User registered successfully: admin@gmail.com","service":"acquisitions-api"}
{"level":"info","message":"::1 - - [19/Dec/2025:05:34:57 +0000] \"POST /api/auth/sign-up HTTP/1.1\" 201 113 \"-\" \"HTTPie\"","service":"acquisitions-api"}
{"level":"error","message":"Error authenticating the user: Error: User not found","service":"acquisitions-api"}
{"code":"USER_NOT_FOUND","level":"error","message":"Signin error User not found","service":"acquisitions-api","stack":"Error: User not found\n    at authenticateUser (file:///Users/naretlam/WebstormProjects/acquisitions/src/services/auth.service.js:34:19)\n    at process.processTicksAndRejections (node:internal/process/task_queues:105:5)\n    at async signin (file:///Users/naretlam/WebstormProjects/acquisitions/src/controllers/auth.controller.js:62:18)"}
{"level":"info","message":"::1 - - [20/Dec/2025:22:16:38 +0000] \"POST /api/auth/sign-in HTTP/1.1\" 401 37 \"-\" \"HTTPie\"","service":"acquisitions-api"}
{"level":"error","message":"Error authenticating the user: Error: User not found","service":"acquisitions-api"}
{"code":"USER_NOT_FOUND","level":"error","message":"Signin error User not found","service":"acquisitions-api","stack":"Error: User not found\n    at authenticateUser (file:///Users/naretlam/WebstormProjects/acquisitions/src/services/auth.service.js:34:19)\n    at process.processTicksAndRejections (node:internal/process/task_queues:105:5)\n    at async signin (file:///Users/naretlam/WebstormProjects/acquisitions/src/controllers/auth.controller.js:62:18)"}
{"level":"info","message":"::1 - - [20/Dec/2025:22:17:08 +0000] \"POST /api/auth/sign-in HTTP/1.1\" 401 37 \"-\" \"HTTPie\"","service":"acquisitions-api"}
{"code":"USER_NOT_FOUND","email":"adrian@jsmastery.pro","level":"warn","message":"Signin failed","service":"acquisitions-api"}
{"level":"info","message":"::1 - - [20/Dec/2025:22:23:01 +0000] \"POST /api/auth/sign-in HTTP/1.1\" 401 37 \"-\" \"HTTPie\"","service":"acquisitions-api"}
{"level":"info","message":"User signed in successfully: admin@gmail.com","service":"acquisitions-api"}
{"level":"info","message":"::1 - - [20/Dec/2025:22:24:12 +0000] \"POST /api/auth/sign-in HTTP/1.1\" 200 112 \"-\" \"HTTPie\"","service":"acquisitions-api"}
{"level":"info","message":"User signed out successfully","service":"acquisitions-api"}
{"level":"info","message":"::1 - - [20/Dec/2025:22:25:11 +0000] \"POST /api/auth/sign-out HTTP/1.1\" 200 42 \"-\" \"HTTPie\"","service":"acquisitions-api"}
